<?xml version="1.0" encoding="UTF-8"?>
<!-- Generated by org.testng.reporters.JUnitReportReporter -->
<testsuite hostname="APHRJHD3283098" failures="0" tests="1" name="com.amazontest.project.DragAndDrop" time="7.232" errors="0" timestamp="2020-01-09T15:57:40 PST" skipped="0">
  <testcase classname="com.amazontest.project.DragAndDrop" name="DragDropFunctionality" time="7.232"/>
</testsuite> <!-- com.amazontest.project.DragAndDrop -->
