<?xml version="1.0" encoding="UTF-8"?>
<!-- Generated by org.testng.reporters.JUnitReportReporter -->
<testsuite hostname="APHRJHD3283098" failures="0" tests="2" name="com.amazontest.project.VerifyAddToCart" time="17.406" errors="0" timestamp="2020-01-09T15:28:09 PST" skipped="0">
  <testcase classname="com.amazontest.project.VerifyAddToCart" name="endSession" time="0.216"/>
  <testcase classname="com.amazontest.project.VerifyAddToCart" name="Setup" time="17.190"/>
</testsuite> <!-- com.amazontest.project.VerifyAddToCart -->
